# JRE version: Java(TM) SE Runtime Environment (9.0+11) (build 9.0.4+11)
# Java VM: Java HotSpot(TM) 64-Bit Server VM (9.0.4+11, mixed mode, tiered, compressed oops, g1 gc, windows-amd64)
Heap:
 garbage-first heap   total 285696K, used 135481K [0x0000000700000000, 0x00000007001008b8, 0x00000007c0000000)
  region size 1024K, 60 young (61440K), 1 survivors (1024K)
 Metaspace       used 86072K, capacity 88447K, committed 95312K, reserved 1132544K
  class space    used 11261K, capacity 11744K, committed 13180K, reserved 1048576K
GC Heap History (10 events):
Event: 4941.669 GC heap before
{Heap before GC invocations=726 (full 228):
 garbage-first heap   total 237568K, used 136215K [0x0000000700000000, 0x0000000700100740, 0x00000007c0000000)
  region size 1024K, 60 young (61440K), 1 survivors (1024K)
 Metaspace       used 86014K, capacity 88357K, committed 95312K, reserved 1132544K
  class space    used 11250K, capacity 11725K, committed 13180K, reserved 1048576K
}
Event: 4941.673 GC heap after
{Heap after GC invocations=727 (full 228):
 garbage-first heap   total 237568K, used 75804K [0x0000000700000000, 0x0000000700100740, 0x00000007c0000000)
  region size 1024K, 1 young (1024K), 1 survivors (1024K)
 Metaspace       used 86014K, capacity 88357K, committed 95312K, reserved 1132544K
  class space    used 11250K, capacity 11725K, committed 13180K, reserved 1048576K
}
Event: 4944.512 GC heap before
{Heap before GC invocations=727 (full 228):
 garbage-first heap   total 237568K, used 136220K [0x0000000700000000, 0x0000000700100740, 0x00000007c0000000)
  region size 1024K, 60 young (61440K), 1 survivors (1024K)
 Metaspace       used 86024K, capacity 88357K, committed 95312K, reserved 1132544K
  class space    used 11251K, capacity 11725K, committed 13180K, reserved 1048576K
}
Event: 4944.521 GC heap after
{Heap after GC invocations=728 (full 228):
 garbage-first heap   total 237568K, used 75902K [0x0000000700000000, 0x0000000700100740, 0x00000007c0000000)
  region size 1024K, 1 young (1024K), 1 survivors (1024K)
 Metaspace       used 86024K, capacity 88357K, committed 95312K, reserved 1132544K
  class space    used 11251K, capacity 11725K, committed 13180K, reserved 1048576K
}
Event: 4945.544 GC heap before
{Heap before GC invocations=728 (full 228):
 garbage-first heap   total 237568K, used 136318K [0x0000000700000000, 0x0000000700100740, 0x00000007c0000000)
  region size 1024K, 60 young (61440K), 1 survivors (1024K)
 Metaspace       used 86024K, capacity 88357K, committed 95312K, reserved 1132544K
  class space    used 11251K, capacity 11725K, committed 13180K, reserved 1048576K
}
Event: 4945.558 GC heap after
{Heap after GC invocations=729 (full 228):
 garbage-first heap   total 285696K, used 75915K [0x0000000700000000, 0x00000007001008b8, 0x00000007c0000000)
  region size 1024K, 1 young (1024K), 1 survivors (1024K)
 Metaspace       used 86024K, capacity 88357K, committed 95312K, reserved 1132544K
  class space    used 11251K, capacity 11725K, committed 13180K, reserved 1048576K
}
Event: 4945.816 GC heap before
{Heap before GC invocations=729 (full 228):
 garbage-first heap   total 285696K, used 136331K [0x0000000700000000, 0x00000007001008b8, 0x00000007c0000000)
  region size 1024K, 60 young (61440K), 1 survivors (1024K)
 Metaspace       used 86067K, capacity 88447K, committed 95312K, reserved 1132544K
  class space    used 11261K, capacity 11744K, committed 13180K, reserved 1048576K
}
Event: 4945.820 GC heap after
{Heap after GC invocations=730 (full 228):
 garbage-first heap   total 285696K, used 76110K [0x0000000700000000, 0x00000007001008b8, 0x00000007c0000000)
  region size 1024K, 1 young (1024K), 1 survivors (1024K)
 Metaspace       used 86067K, capacity 88447K, committed 95312K, reserved 1132544K
  class space    used 11261K, capacity 11744K, committed 13180K, reserved 1048576K
}
Event: 4950.767 GC heap before
{Heap before GC invocations=730 (full 228):
 garbage-first heap   total 285696K, used 136526K [0x0000000700000000, 0x00000007001008b8, 0x00000007c0000000)
  region size 1024K, 60 young (61440K), 1 survivors (1024K)
 Metaspace       used 86067K, capacity 88447K, committed 95312K, reserved 1132544K
  class space    used 11261K, capacity 11744K, committed 13180K, reserved 1048576K
}
Event: 4950.775 GC heap after
{Heap after GC invocations=731 (full 228):
 garbage-first heap   total 285696K, used 76089K [0x0000000700000000, 0x00000007001008b8, 0x00000007c0000000)
  region size 1024K, 1 young (1024K), 1 survivors (1024K)
 Metaspace       used 86067K, capacity 88447K, committed 95312K, reserved 1132544K
  class space    used 11261K, capacity 11744K, committed 13180K, reserved 1048576K
}

