# JRE version: Java(TM) SE Runtime Environment (9.0+11) (build 9.0.4+11)
# Java VM: Java HotSpot(TM) 64-Bit Server VM (9.0.4+11, mixed mode, tiered, compressed oops, g1 gc, windows-amd64)
Heap:
 garbage-first heap   total 308224K, used 112747K [0x0000000700000000, 0x0000000700100968, 0x00000007c0000000)
  region size 1024K, 21 young (21504K), 1 survivors (1024K)
 Metaspace       used 92057K, capacity 94261K, committed 99920K, reserved 1134592K
  class space    used 12539K, capacity 13011K, committed 14204K, reserved 1048576K
GC Heap History (10 events):
Event: 44638.955 GC heap before
{Heap before GC invocations=1034 (full 304):
 garbage-first heap   total 308224K, used 97568K [0x0000000700000000, 0x0000000700100968, 0x00000007c0000000)
  region size 1024K, 6 young (6144K), 0 survivors (0K)
 Metaspace       used 92036K, capacity 94261K, committed 99920K, reserved 1134592K
  class space    used 12539K, capacity 13011K, committed 14204K, reserved 1048576K
}
Event: 44639.325 GC heap after
{Heap after GC invocations=1035 (full 305):
 garbage-first heap   total 308224K, used 92456K [0x0000000700000000, 0x0000000700100968, 0x00000007c0000000)
  region size 1024K, 0 young (0K), 0 survivors (0K)
 Metaspace       used 92036K, capacity 94261K, committed 99920K, reserved 1134592K
  class space    used 12539K, capacity 13011K, committed 14204K, reserved 1048576K
}
Event: 44641.889 GC heap before
{Heap before GC invocations=1035 (full 305):
 garbage-first heap   total 308224K, used 153896K [0x0000000700000000, 0x0000000700100968, 0x00000007c0000000)
  region size 1024K, 60 young (61440K), 0 survivors (0K)
 Metaspace       used 92036K, capacity 94261K, committed 99920K, reserved 1134592K
  class space    used 12539K, capacity 13011K, committed 14204K, reserved 1048576K
}
Event: 44641.893 GC heap after
{Heap after GC invocations=1036 (full 305):
 garbage-first heap   total 308224K, used 92683K [0x0000000700000000, 0x0000000700100968, 0x00000007c0000000)
  region size 1024K, 1 young (1024K), 1 survivors (1024K)
 Metaspace       used 92036K, capacity 94261K, committed 99920K, reserved 1134592K
  class space    used 12539K, capacity 13011K, committed 14204K, reserved 1048576K
}
Event: 44658.360 GC heap before
{Heap before GC invocations=1036 (full 305):
 garbage-first heap   total 308224K, used 153099K [0x0000000700000000, 0x0000000700100968, 0x00000007c0000000)
  region size 1024K, 60 young (61440K), 1 survivors (1024K)
 Metaspace       used 92052K, capacity 94261K, committed 99920K, reserved 1134592K
  class space    used 12539K, capacity 13011K, committed 14204K, reserved 1048576K
}
Event: 44658.366 GC heap after
{Heap after GC invocations=1037 (full 305):
 garbage-first heap   total 308224K, used 92785K [0x0000000700000000, 0x0000000700100968, 0x00000007c0000000)
  region size 1024K, 1 young (1024K), 1 survivors (1024K)
 Metaspace       used 92052K, capacity 94261K, committed 99920K, reserved 1134592K
  class space    used 12539K, capacity 13011K, committed 14204K, reserved 1048576K
}
Event: 44672.320 GC heap before
{Heap before GC invocations=1037 (full 305):
 garbage-first heap   total 308224K, used 153201K [0x0000000700000000, 0x0000000700100968, 0x00000007c0000000)
  region size 1024K, 60 young (61440K), 1 survivors (1024K)
 Metaspace       used 92057K, capacity 94261K, committed 99920K, reserved 1134592K
  class space    used 12539K, capacity 13011K, committed 14204K, reserved 1048576K
}
Event: 44672.326 GC heap after
{Heap after GC invocations=1038 (full 305):
 garbage-first heap   total 308224K, used 92997K [0x0000000700000000, 0x0000000700100968, 0x00000007c0000000)
  region size 1024K, 1 young (1024K), 1 survivors (1024K)
 Metaspace       used 92057K, capacity 94261K, committed 99920K, reserved 1134592K
  class space    used 12539K, capacity 13011K, committed 14204K, reserved 1048576K
}
Event: 44675.039 GC heap before
{Heap before GC invocations=1038 (full 305):
 garbage-first heap   total 308224K, used 153413K [0x0000000700000000, 0x0000000700100968, 0x00000007c0000000)
  region size 1024K, 60 young (61440K), 1 survivors (1024K)
 Metaspace       used 92057K, capacity 94261K, committed 99920K, reserved 1134592K
  class space    used 12539K, capacity 13011K, committed 14204K, reserved 1048576K
}
Event: 44675.045 GC heap after
{Heap after GC invocations=1039 (full 305):
 garbage-first heap   total 308224K, used 93291K [0x0000000700000000, 0x0000000700100968, 0x00000007c0000000)
  region size 1024K, 1 young (1024K), 1 survivors (1024K)
 Metaspace       used 92057K, capacity 94261K, committed 99920K, reserved 1134592K
  class space    used 12539K, capacity 13011K, committed 14204K, reserved 1048576K
}

