# JRE version: Java(TM) SE Runtime Environment (9.0+11) (build 9.0.4+11)
# Java VM: Java HotSpot(TM) 64-Bit Server VM (9.0.4+11, mixed mode, tiered, compressed oops, g1 gc, windows-amd64)
Heap:
 garbage-first heap   total 397312K, used 138581K [0x0000000700000000, 0x0000000700100c20, 0x00000007c0000000)
  region size 1024K, 8 young (8192K), 2 survivors (2048K)
 Metaspace       used 94212K, capacity 96169K, committed 103164K, reserved 1138688K
  class space    used 12664K, capacity 13089K, committed 14588K, reserved 1048576K
GC Heap History (10 events):
Event: 17437.585 GC heap before
{Heap before GC invocations=1521 (full 551):
 garbage-first heap   total 397312K, used 193361K [0x0000000700000000, 0x0000000700100c20, 0x00000007c0000000)
  region size 1024K, 60 young (61440K), 0 survivors (0K)
 Metaspace       used 94185K, capacity 96169K, committed 103164K, reserved 1138688K
  class space    used 12664K, capacity 13089K, committed 14588K, reserved 1048576K
}
Event: 17437.591 GC heap after
{Heap after GC invocations=1522 (full 551):
 garbage-first heap   total 397312K, used 132809K [0x0000000700000000, 0x0000000700100c20, 0x00000007c0000000)
  region size 1024K, 1 young (1024K), 1 survivors (1024K)
 Metaspace       used 94185K, capacity 96169K, committed 103164K, reserved 1138688K
  class space    used 12664K, capacity 13089K, committed 14588K, reserved 1048576K
}
Event: 17438.409 GC heap before
{Heap before GC invocations=1522 (full 551):
 garbage-first heap   total 397312K, used 193225K [0x0000000700000000, 0x0000000700100c20, 0x00000007c0000000)
  region size 1024K, 60 young (61440K), 1 survivors (1024K)
 Metaspace       used 94186K, capacity 96169K, committed 103164K, reserved 1138688K
  class space    used 12664K, capacity 13089K, committed 14588K, reserved 1048576K
}
Event: 17438.415 GC heap after
{Heap after GC invocations=1523 (full 551):
 garbage-first heap   total 397312K, used 132865K [0x0000000700000000, 0x0000000700100c20, 0x00000007c0000000)
  region size 1024K, 1 young (1024K), 1 survivors (1024K)
 Metaspace       used 94186K, capacity 96169K, committed 103164K, reserved 1138688K
  class space    used 12664K, capacity 13089K, committed 14588K, reserved 1048576K
}
Event: 17469.540 GC heap before
{Heap before GC invocations=1523 (full 551):
 garbage-first heap   total 397312K, used 193281K [0x0000000700000000, 0x0000000700100c20, 0x00000007c0000000)
  region size 1024K, 60 young (61440K), 1 survivors (1024K)
 Metaspace       used 94186K, capacity 96169K, committed 103164K, reserved 1138688K
  class space    used 12664K, capacity 13089K, committed 14588K, reserved 1048576K
}
Event: 17469.551 GC heap after
{Heap after GC invocations=1524 (full 551):
 garbage-first heap   total 397312K, used 132890K [0x0000000700000000, 0x0000000700100c20, 0x00000007c0000000)
  region size 1024K, 1 young (1024K), 1 survivors (1024K)
 Metaspace       used 94186K, capacity 96169K, committed 103164K, reserved 1138688K
  class space    used 12664K, capacity 13089K, committed 14588K, reserved 1048576K
}
Event: 17479.141 GC heap before
{Heap before GC invocations=1524 (full 551):
 garbage-first heap   total 397312K, used 193306K [0x0000000700000000, 0x0000000700100c20, 0x00000007c0000000)
  region size 1024K, 60 young (61440K), 1 survivors (1024K)
 Metaspace       used 94211K, capacity 96169K, committed 103164K, reserved 1138688K
  class space    used 12664K, capacity 13089K, committed 14588K, reserved 1048576K
}
Event: 17479.148 GC heap after
{Heap after GC invocations=1525 (full 551):
 garbage-first heap   total 397312K, used 133229K [0x0000000700000000, 0x0000000700100c20, 0x00000007c0000000)
  region size 1024K, 2 young (2048K), 2 survivors (2048K)
 Metaspace       used 94211K, capacity 96169K, committed 103164K, reserved 1138688K
  class space    used 12664K, capacity 13089K, committed 14588K, reserved 1048576K
}
Event: 17481.973 GC heap before
{Heap before GC invocations=1525 (full 551):
 garbage-first heap   total 397312K, used 192621K [0x0000000700000000, 0x0000000700100c20, 0x00000007c0000000)
  region size 1024K, 60 young (61440K), 2 survivors (2048K)
 Metaspace       used 94212K, capacity 96169K, committed 103164K, reserved 1138688K
  class space    used 12664K, capacity 13089K, committed 14588K, reserved 1048576K
}
Event: 17481.981 GC heap after
{Heap after GC invocations=1526 (full 551):
 garbage-first heap   total 397312K, used 133461K [0x0000000700000000, 0x0000000700100c20, 0x00000007c0000000)
  region size 1024K, 2 young (2048K), 2 survivors (2048K)
 Metaspace       used 94212K, capacity 96169K, committed 103164K, reserved 1138688K
  class space    used 12664K, capacity 13089K, committed 14588K, reserved 1048576K
}

